# JRE version: OpenJDK Runtime Environment (11.0.11+9) (build 11.0.11+9-Ubuntu-0ubuntu2)
# Java VM: OpenJDK 64-Bit Server VM (11.0.11+9-Ubuntu-0ubuntu2, mixed mode, sharing, tiered, compressed oops, g1 gc, linux-amd64)
Heap:
 garbage-first heap   total 63488K, used 50380K [0x00000000c4200000, 0x0000000100000000)
  region size 1024K, 27 young (27648K), 1 survivors (1024K)
 Metaspace       used 20750K, capacity 21964K, committed 22320K, reserved 1069056K
  class space    used 2919K, capacity 3433K, committed 3456K, reserved 1048576K
GC Heap History (20 events):
Event: 101,157 GC heap before
{Heap before GC invocations=69 (full 0):
 garbage-first heap   total 63488K, used 47879K [0x00000000c4200000, 0x0000000100000000)
  region size 1024K, 24 young (24576K), 1 survivors (1024K)
 Metaspace       used 20748K, capacity 21964K, committed 22320K, reserved 1069056K
  class space    used 2919K, capacity 3433K, committed 3456K, reserved 1048576K
}
Event: 101,158 GC heap after
{Heap after GC invocations=70 (full 0):
 garbage-first heap   total 63488K, used 24329K [0x00000000c4200000, 0x0000000100000000)
  region size 1024K, 1 young (1024K), 1 survivors (1024K)
 Metaspace       used 20748K, capacity 21964K, committed 22320K, reserved 1069056K
  class space    used 2919K, capacity 3433K, committed 3456K, reserved 1048576K
}
Event: 102,788 GC heap before
{Heap before GC invocations=70 (full 0):
 garbage-first heap   total 63488K, used 47881K [0x00000000c4200000, 0x0000000100000000)
  region size 1024K, 24 young (24576K), 1 survivors (1024K)
 Metaspace       used 20749K, capacity 21964K, committed 22320K, reserved 1069056K
  class space    used 2919K, capacity 3433K, committed 3456K, reserved 1048576K
}
Event: 102,789 GC heap after
{Heap after GC invocations=71 (full 0):
 garbage-first heap   total 63488K, used 24331K [0x00000000c4200000, 0x0000000100000000)
  region size 1024K, 1 young (1024K), 1 survivors (1024K)
 Metaspace       used 20749K, capacity 21964K, committed 22320K, reserved 1069056K
  class space    used 2919K, capacity 3433K, committed 3456K, reserved 1048576K
}
Event: 104,558 GC heap before
{Heap before GC invocations=71 (full 0):
 garbage-first heap   total 63488K, used 48907K [0x00000000c4200000, 0x0000000100000000)
  region size 1024K, 25 young (25600K), 1 survivors (1024K)
 Metaspace       used 20750K, capacity 21964K, committed 22320K, reserved 1069056K
  class space    used 2919K, capacity 3433K, committed 3456K, reserved 1048576K
}
Event: 104,560 GC heap after
{Heap after GC invocations=72 (full 0):
 garbage-first heap   total 63488K, used 24331K [0x00000000c4200000, 0x0000000100000000)
  region size 1024K, 1 young (1024K), 1 survivors (1024K)
 Metaspace       used 20750K, capacity 21964K, committed 22320K, reserved 1069056K
  class space    used 2919K, capacity 3433K, committed 3456K, reserved 1048576K
}
Event: 106,234 GC heap before
{Heap before GC invocations=72 (full 0):
 garbage-first heap   total 63488K, used 48907K [0x00000000c4200000, 0x0000000100000000)
  region size 1024K, 25 young (25600K), 1 survivors (1024K)
 Metaspace       used 20750K, capacity 21964K, committed 22320K, reserved 1069056K
  class space    used 2919K, capacity 3433K, committed 3456K, reserved 1048576K
}
Event: 106,236 GC heap after
{Heap after GC invocations=73 (full 0):
 garbage-first heap   total 63488K, used 24334K [0x00000000c4200000, 0x0000000100000000)
  region size 1024K, 1 young (1024K), 1 survivors (1024K)
 Metaspace       used 20750K, capacity 21964K, committed 22320K, reserved 1069056K
  class space    used 2919K, capacity 3433K, committed 3456K, reserved 1048576K
}
Event: 107,953 GC heap before
{Heap before GC invocations=73 (full 0):
 garbage-first heap   total 63488K, used 48910K [0x00000000c4200000, 0x0000000100000000)
  region size 1024K, 25 young (25600K), 1 survivors (1024K)
 Metaspace       used 20750K, capacity 21964K, committed 22320K, reserved 1069056K
  class space    used 2919K, capacity 3433K, committed 3456K, reserved 1048576K
}
Event: 107,954 GC heap after
{Heap after GC invocations=74 (full 0):
 garbage-first heap   total 63488K, used 24336K [0x00000000c4200000, 0x0000000100000000)
  region size 1024K, 1 young (1024K), 1 survivors (1024K)
 Metaspace       used 20750K, capacity 21964K, committed 22320K, reserved 1069056K
  class space    used 2919K, capacity 3433K, committed 3456K, reserved 1048576K
}
Event: 109,471 GC heap before
{Heap before GC invocations=74 (full 0):
 garbage-first heap   total 63488K, used 49936K [0x00000000c4200000, 0x0000000100000000)
  region size 1024K, 26 young (26624K), 1 survivors (1024K)
 Metaspace       used 20750K, capacity 21964K, committed 22320K, reserved 1069056K
  class space    used 2919K, capacity 3433K, committed 3456K, reserved 1048576K
}
Event: 109,472 GC heap after
{Heap after GC invocations=75 (full 0):
 garbage-first heap   total 63488K, used 24340K [0x00000000c4200000, 0x0000000100000000)
  region size 1024K, 1 young (1024K), 1 survivors (1024K)
 Metaspace       used 20750K, capacity 21964K, committed 22320K, reserved 1069056K
  class space    used 2919K, capacity 3433K, committed 3456K, reserved 1048576K
}
Event: 110,959 GC heap before
{Heap before GC invocations=75 (full 0):
 garbage-first heap   total 63488K, used 49940K [0x00000000c4200000, 0x0000000100000000)
  region size 1024K, 26 young (26624K), 1 survivors (1024K)
 Metaspace       used 20750K, capacity 21964K, committed 22320K, reserved 1069056K
  class space    used 2919K, capacity 3433K, committed 3456K, reserved 1048576K
}
Event: 110,961 GC heap after
{Heap after GC invocations=76 (full 0):
 garbage-first heap   total 63488K, used 24767K [0x00000000c4200000, 0x0000000100000000)
  region size 1024K, 1 young (1024K), 1 survivors (1024K)
 Metaspace       used 20750K, capacity 21964K, committed 22320K, reserved 1069056K
  class space    used 2919K, capacity 3433K, committed 3456K, reserved 1048576K
}
Event: 112,476 GC heap before
{Heap before GC invocations=76 (full 0):
 garbage-first heap   total 63488K, used 50367K [0x00000000c4200000, 0x0000000100000000)
  region size 1024K, 26 young (26624K), 1 survivors (1024K)
 Metaspace       used 20750K, capacity 21964K, committed 22320K, reserved 1069056K
  class space    used 2919K, capacity 3433K, committed 3456K, reserved 1048576K
}
Event: 112,478 GC heap after
{Heap after GC invocations=77 (full 0):
 garbage-first heap   total 63488K, used 24773K [0x00000000c4200000, 0x0000000100000000)
  region size 1024K, 1 young (1024K), 1 survivors (1024K)
 Metaspace       used 20750K, capacity 21964K, committed 22320K, reserved 1069056K
  class space    used 2919K, capacity 3433K, committed 3456K, reserved 1048576K
}
Event: 113,953 GC heap before
{Heap before GC invocations=77 (full 0):
 garbage-first heap   total 63488K, used 50373K [0x00000000c4200000, 0x0000000100000000)
  region size 1024K, 26 young (26624K), 1 survivors (1024K)
 Metaspace       used 20750K, capacity 21964K, committed 22320K, reserved 1069056K
  class space    used 2919K, capacity 3433K, committed 3456K, reserved 1048576K
}
Event: 113,954 GC heap after
{Heap after GC invocations=78 (full 0):
 garbage-first heap   total 63488K, used 24774K [0x00000000c4200000, 0x0000000100000000)
  region size 1024K, 1 young (1024K), 1 survivors (1024K)
 Metaspace       used 20750K, capacity 21964K, committed 22320K, reserved 1069056K
  class space    used 2919K, capacity 3433K, committed 3456K, reserved 1048576K
}
Event: 115,512 GC heap before
{Heap before GC invocations=78 (full 0):
 garbage-first heap   total 63488K, used 51398K [0x00000000c4200000, 0x0000000100000000)
  region size 1024K, 27 young (27648K), 1 survivors (1024K)
 Metaspace       used 20750K, capacity 21964K, committed 22320K, reserved 1069056K
  class space    used 2919K, capacity 3433K, committed 3456K, reserved 1048576K
}
Event: 115,513 GC heap after
{Heap after GC invocations=79 (full 0):
 garbage-first heap   total 63488K, used 24780K [0x00000000c4200000, 0x0000000100000000)
  region size 1024K, 1 young (1024K), 1 survivors (1024K)
 Metaspace       used 20750K, capacity 21964K, committed 22320K, reserved 1069056K
  class space    used 2919K, capacity 3433K, committed 3456K, reserved 1048576K
}

